2021-03-15 11:07:25  开始执行 
2021-03-15 11:08:41  执行结束，暂无数据 
2021-03-15 11:09:31  开始执行 
2021-03-15 11:10:37 3334 保存异常： 'NoneType' object has no attribute 'data'
2021-03-15 11:10:44 0 保存成功： 保存成功
2021-03-15 11:10:44  执行结束 
2021-03-15 11:26:27  开始执行 
2021-03-15 11:27:41  执行结束，暂无数据 
2021-03-15 11:28:22  开始执行 
2021-03-15 11:29:39 3334 保存异常： 'NoneType' object has no attribute 'data'
2021-03-15 11:29:46 0 保存成功： 保存成功
2021-03-15 11:29:46  执行结束 
2021-03-15 11:33:58  开始执行 
2021-03-15 11:43:30  开始执行 
2021-03-15 11:43:31 3481 保存异常： Element instance has no attribute 'find'
2021-03-15 11:43:31  执行结束 
2021-03-15 11:44:40  开始执行 
2021-03-15 11:44:42 3481 保存异常： 
2021-03-15 11:44:42  执行结束 
2021-03-15 11:46:10  开始执行 
2021-03-15 11:46:24  开始执行 
2021-03-15 11:47:19  开始执行 
2021-03-15 11:47:19  执行结束，暂无数据 
2021-03-15 11:47:25  开始执行 
2021-03-15 11:48:23  开始执行 
2021-03-15 11:48:49  开始执行 
2021-03-15 11:49:57  开始执行 
2021-03-15 11:50:41  开始执行 
2021-03-15 11:50:41 3334 保存异常： 'NoneType' object has no attribute 'data'
2021-03-15 11:50:41  执行结束 
2021-03-15 11:50:56  开始执行 
2021-03-15 11:50:56 3334 保存异常： name 'des' is not defined
2021-03-15 11:50:56  执行结束 
2021-03-15 13:31:33  开始执行 
2021-03-15 13:31:57  开始执行 
2021-03-15 13:32:59  开始执行 
2021-03-15 13:33:09  开始执行 
2021-03-15 13:33:36  开始执行 
2021-03-15 13:33:53  开始执行 
2021-03-15 13:34:34  开始执行 
2021-03-15 13:35:54  开始执行 
2021-03-15 13:35:54 3334 保存异常： 'NoneType' object has no attribute 'data'
2021-03-15 13:35:54  执行结束 
2021-03-15 13:38:05  开始执行 
2021-03-15 13:38:19  开始执行 
2021-03-15 13:49:56  开始执行 
2021-03-15 13:50:03 0 保存成功： 保存成功
2021-03-15 13:50:03  执行结束 
2021-03-15 13:57:55  开始执行 
2021-03-15 13:59:28 0 保存成功： 保存成功
2021-03-15 13:59:37 1 保存成功： 保存成功
2021-03-15 13:59:45 2 保存成功： 保存成功
2021-03-15 13:59:53 2658 保存异常： No JSON object could be decoded
2021-03-15 13:59:53  执行结束 
2021-03-15 14:09:31  开始执行 
2021-03-15 14:11:02 0 保存成功： 保存成功
2021-03-15 14:11:12 1 保存成功： 保存成功
2021-03-15 14:11:23 2 保存成功： 保存成功
2021-03-15 14:11:31 2658 保存异常： No JSON object could be decoded
2021-03-15 14:11:31  执行结束 
2021-03-15 14:14:40  开始执行 
2021-03-15 14:17:31  开始执行 
2021-03-15 14:20:14  执行结束，暂无数据 
2021-03-15 15:52:17  开始执行 
2021-03-15 15:52:17  执行异常： cpImg() takes exactly 1 argument (0 given)路径/Users/gaocan/Desktop/wx-helper
2021-03-15 15:52:39  开始执行 
2021-03-15 15:52:39  执行结束，暂无数据 
2021-03-15 15:53:32  开始执行 
2021-03-15 15:53:32  执行异常： list index out of range路径/Users/gaocan/Desktop/wx-helper
2021-03-15 15:54:02  开始执行 
2021-03-15 15:54:16  开始执行 
2021-03-15 15:54:27  开始执行 
2021-03-15 15:54:27  执行异常： 'NoneType' object has no attribute '__getitem__'路径/Users/gaocan/Desktop/wx-helper
2021-03-15 15:54:46  开始执行 
2021-03-15 15:54:46  执行异常： 'NoneType' object has no attribute '__getitem__'路径/Users/gaocan/Desktop/wx-helper
2021-03-15 15:57:22  开始执行 
2021-03-15 15:57:37  开始执行 
2021-03-15 16:00:14  开始执行 
2021-03-15 16:02:22  开始执行 
2021-03-15 16:08:31  开始执行 
2021-03-16 10:29:12  开始执行 
2021-03-16 11:14:40  开始执行 
2021-03-16 11:16:19  开始执行 
2021-03-16 11:23:00  开始执行 
2021-03-16 11:28:48  开始执行 
2021-03-16 11:29:56 0 保存成功： 保存成功
2021-03-16 11:29:56  执行结束 
2021-03-16 15:18:10  开始执行 
2021-03-16 15:18:10  执行异常： object of type 'NoneType' has no len()路径/Users/gaocan/Desktop/wx-helper
2021-03-16 15:19:14  开始执行 
2021-03-16 15:19:14  执行异常： object of type 'NoneType' has no len()路径/Users/gaocan/Desktop/wx-helper
2021-03-16 15:19:15  开始执行 
2021-03-16 15:19:16  执行异常： object of type 'NoneType' has no len()路径/Users/gaocan/Desktop/wx-helper
2021-03-16 15:19:57  开始执行 
2021-03-16 15:32:07  开始执行 
2021-03-16 15:32:31 3946 保存异常： 'int' object has no attribute 'sismember'
2021-03-16 15:32:32 0 保存成功： 保存成功
2021-03-16 15:32:32  执行结束 
2021-03-16 15:33:53  开始执行 
2021-03-16 16:55:02  开始执行 
2021-03-16 16:55:56  开始执行 
2021-03-16 17:00:01  开始执行 
2021-03-16 17:04:31  开始执行 
2021-03-16 17:50:42  开始执行 
2021-03-16 17:54:03  开始执行 
2021-03-17 10:40:38  开始执行 
2021-03-17 14:25:48  开始执行 
2021-03-17 14:25:49  执行异常： object of type 'NoneType' has no len()/Users/gaocan/Desktop/wx-helper
2021-03-17 14:29:25  开始执行 
2021-03-17 14:29:25  执行异常： object of type 'NoneType' has no len()/Users/gaocan/Desktop/wx-helper
2021-03-17 14:30:53  开始执行 
2021-03-17 14:30:53  执行异常： object of type 'NoneType' has no len()/Users/gaocan/Desktop/wx-helper
2021-03-17 14:31:03  开始执行 
2021-03-17 14:32:02  开始执行 
2021-03-17 14:32:14  开始执行 
2021-03-17 14:33:47  开始执行 
2021-03-17 14:39:55  开始执行 
2021-03-17 14:40:29  开始执行 
2021-03-17 14:40:49  开始执行 
2021-03-17 14:41:27  开始执行 
2021-03-17 14:46:19  开始执行 
2021-03-17 14:46:19  开始执行 
2021-03-17 14:46:26 3033 保存异常： 
2021-03-17 14:46:38 0 保存成功： 保存成功
2021-03-17 14:46:48 1 保存成功： 保存成功
2021-03-17 14:46:48  执行结束 
2021-03-17 15:25:02  开始执行 
2021-03-17 15:33:04  开始执行 
2021-03-17 15:33:04 2658 保存异常： 'AipOcr' object has no attribute 'bascAccurate'
2021-03-17 15:33:05 0 保存成功： 保存成功
2021-03-17 15:33:05  执行结束 
2021-03-17 15:36:55  开始执行 
2021-03-17 15:36:55 2658 保存异常： 'AipOcr' object has no attribute 'bascAccurate'
2021-03-17 15:36:55 0 保存成功： 保存成功
2021-03-17 15:36:55  执行结束 
2021-03-17 15:39:22  开始执行 
2021-03-17 15:40:37  开始执行 
2021-03-17 15:41:39  开始执行 
2021-03-17 15:42:09  开始执行 
2021-03-17 15:44:53  开始执行 
2021-03-17 15:45:57  开始执行 
2021-03-17 15:46:24  开始执行 
2021-03-17 15:46:52  开始执行 
2021-03-17 15:47:26  开始执行 
2021-03-17 15:50:56  开始执行 
2021-03-17 15:54:32  开始执行 
2021-03-17 15:54:51  开始执行 
2021-03-17 15:55:02  开始执行 
2021-03-17 15:55:04 2658 保存异常： No JSON object could be decoded
2021-03-17 15:55:05 0 保存成功： 保存成功
2021-03-17 15:55:05  执行结束 
2021-03-17 15:55:22  开始执行 
2021-03-17 15:55:24 2658 保存异常： No JSON object could be decoded
2021-03-17 15:55:24 0 保存成功： 保存成功
2021-03-17 15:55:24  执行结束 
2021-03-17 15:56:58  开始执行 
2021-03-17 15:57:11  开始执行 
2021-03-17 16:08:59  开始执行 
2021-03-18 16:04:26  开始执行 
2021-03-18 16:04:56 4532 保存异常： 'int' object has no attribute 'sismember'
2021-03-18 16:04:56  执行结束 
2021-03-18 16:06:22  开始执行 
2021-03-18 16:13:04 0 保存成功： 保存成功
2021-03-18 16:13:16 1 保存成功： 保存成功
2021-03-18 16:13:16  执行结束 
2021-03-18 16:18:30  开始执行 
2021-03-18 16:18:58  执行结束，暂无数据 
2021-03-18 16:19:11  开始执行 
2021-03-18 16:26:18 0 保存成功： 保存成功
2021-03-18 16:26:28 1 保存成功： 保存成功
2021-03-18 16:26:28  执行结束 
2021-05-08 15:37:49  开始执行 
2021-05-08 15:39:10 16338 保存异常： syntax error: line 1, column 0
2021-05-08 15:39:10  执行结束 
2021-05-08 15:43:45  开始执行 
2021-05-08 15:47:09  开始执行 
2021-05-08 15:47:09 16338 保存异常： syntax error: line 1, column 0
2021-05-08 15:47:09  执行结束 
2021-05-08 15:47:24  开始执行 
2021-05-08 15:47:24 16338 保存异常： syntax error: line 1, column 0
2021-05-08 15:47:24  执行结束 
2021-05-08 15:48:41  开始执行 
2021-05-08 15:59:58  开始执行 
2021-05-08 16:01:19  执行异常： object of type 'NoneType' has no len()/Users/gaocan/Desktop/wx-helper
2021-05-08 16:04:44  开始执行 
2021-05-08 16:05:09  开始执行 
2021-05-08 16:06:21  执行异常： object of type 'NoneType' has no len()/Users/gaocan/Desktop/wx-helper
2021-05-08 16:06:57  开始执行 
2021-05-08 16:07:49  开始执行 
2021-05-08 16:09:02  执行异常： object of type 'NoneType' has no len()/Users/gaocan/Desktop/wx-helper
2021-05-08 16:10:04  开始执行 
2021-05-08 16:15:11 15588 保存异常： syntax error: line 1, column 0
2021-05-08 16:15:22 0 保存成功： 保存成功
2021-05-08 16:15:33 1 保存成功： 保存成功
2021-05-08 16:15:44 2 保存成功： 保存成功
2021-05-08 16:15:45 3 保存成功： 保存成功
2021-05-08 16:15:45  执行结束 
